# JRE version: OpenJDK Runtime Environment (8.0_152-b02) (build 1.8.0_152-release-1024-b02)
# Java VM: OpenJDK 64-Bit Server VM (25.152-b02 mixed mode windows-amd64 compressed oops)
Heap:
 PSYoungGen      total 336896K, used 178533K [0x00000000e0000000, 0x00000000fdf80000, 0x0000000100000000)
  eden space 288768K, 45% used [0x00000000e0000000,0x00000000e7f5c920,0x00000000f1a00000)
  from space 48128K, 99% used [0x00000000f1a00000,0x00000000f48fcb28,0x00000000f4900000)
  to   space 67584K, 0% used [0x00000000f9d80000,0x00000000f9d80000,0x00000000fdf80000)
 ParOldGen       total 199168K, used 142618K [0x00000000a0000000, 0x00000000ac280000, 0x00000000e0000000)
  object space 199168K, 71% used [0x00000000a0000000,0x00000000a8b46918,0x00000000ac280000)
 Metaspace       used 91410K, capacity 95000K, committed 95232K, reserved 1132544K
  class space    used 11755K, capacity 12475K, committed 12544K, reserved 1048576K
GC Heap History (10 events):
Event: 112.348 GC heap before
{Heap before GC invocations=23 (full 4):
 PSYoungGen      total 292352K, used 270538K [0x00000000e0000000, 0x00000000f4f00000, 0x0000000100000000)
  eden space 242688K, 100% used [0x00000000e0000000,0x00000000eed00000,0x00000000eed00000)
  from space 49664K, 56% used [0x00000000f1d80000,0x00000000f38b2918,0x00000000f4e00000)
  to   space 49664K, 0% used [0x00000000eed00000,0x00000000eed00000,0x00000000f1d80000)
 ParOldGen       total 199168K, used 46311K [0x00000000a0000000, 0x00000000ac280000, 0x00000000e0000000)
  object space 199168K, 23% used [0x00000000a0000000,0x00000000a2d39c40,0x00000000ac280000)
 Metaspace       used 88640K, capacity 91668K, committed 91776K, reserved 1128448K
  class space    used 11445K, capacity 12089K, committed 12160K, reserved 1048576K
Event: 112.382 GC heap after
Heap after GC invocations=23 (full 4):
 PSYoungGen      total 292352K, used 24069K [0x00000000e0000000, 0x00000000f7b80000, 0x0000000100000000)
  eden space 242688K, 0% used [0x00000000e0000000,0x00000000e0000000,0x00000000eed00000)
  from space 49664K, 48% used [0x00000000eed00000,0x00000000f0481708,0x00000000f1d80000)
  to   space 48128K, 0% used [0x00000000f4c80000,0x00000000f4c80000,0x00000000f7b80000)
 ParOldGen       total 199168K, used 46319K [0x00000000a0000000, 0x00000000ac280000, 0x00000000e0000000)
  object space 199168K, 23% used [0x00000000a0000000,0x00000000a2d3bc40,0x00000000ac280000)
 Metaspace       used 88640K, capacity 91668K, committed 91776K, reserved 1128448K
  class space    used 11445K, capacity 12089K, committed 12160K, reserved 1048576K
}
Event: 120.228 GC heap before
{Heap before GC invocations=24 (full 4):
 PSYoungGen      total 292352K, used 266757K [0x00000000e0000000, 0x00000000f7b80000, 0x0000000100000000)
  eden space 242688K, 100% used [0x00000000e0000000,0x00000000eed00000,0x00000000eed00000)
  from space 49664K, 48% used [0x00000000eed00000,0x00000000f0481708,0x00000000f1d80000)
  to   space 48128K, 0% used [0x00000000f4c80000,0x00000000f4c80000,0x00000000f7b80000)
 ParOldGen       total 199168K, used 46319K [0x00000000a0000000, 0x00000000ac280000, 0x00000000e0000000)
  object space 199168K, 23% used [0x00000000a0000000,0x00000000a2d3bc40,0x00000000ac280000)
 Metaspace       used 89326K, capacity 92532K, committed 92672K, reserved 1130496K
  class space    used 11507K, capacity 12175K, committed 12288K, reserved 1048576K
Event: 120.272 GC heap after
Heap after GC invocations=24 (full 4):
 PSYoungGen      total 333312K, used 26869K [0x00000000e0000000, 0x00000000f7800000, 0x0000000100000000)
  eden space 288768K, 0% used [0x00000000e0000000,0x00000000e0000000,0x00000000f1a00000)
  from space 44544K, 60% used [0x00000000f4c80000,0x00000000f66bd6a8,0x00000000f7800000)
  to   space 48128K, 0% used [0x00000000f1a00000,0x00000000f1a00000,0x00000000f4900000)
 ParOldGen       total 199168K, used 46327K [0x00000000a0000000, 0x00000000ac280000, 0x00000000e0000000)
  object space 199168K, 23% used [0x00000000a0000000,0x00000000a2d3dc40,0x00000000ac280000)
 Metaspace       used 89326K, capacity 92532K, committed 92672K, reserved 1130496K
  class space    used 11507K, capacity 12175K, committed 12288K, reserved 1048576K
}
Event: 125.852 GC heap before
{Heap before GC invocations=25 (full 4):
 PSYoungGen      total 333312K, used 315637K [0x00000000e0000000, 0x00000000f7800000, 0x0000000100000000)
  eden space 288768K, 100% used [0x00000000e0000000,0x00000000f1a00000,0x00000000f1a00000)
  from space 44544K, 60% used [0x00000000f4c80000,0x00000000f66bd6a8,0x00000000f7800000)
  to   space 48128K, 0% used [0x00000000f1a00000,0x00000000f1a00000,0x00000000f4900000)
 ParOldGen       total 199168K, used 46327K [0x00000000a0000000, 0x00000000ac280000, 0x00000000e0000000)
  object space 199168K, 23% used [0x00000000a0000000,0x00000000a2d3dc40,0x00000000ac280000)
 Metaspace       used 89876K, capacity 93158K, committed 93440K, reserved 1130496K
  class space    used 11569K, capacity 12258K, committed 12288K, reserved 1048576K
Event: 126.017 GC heap after
Heap after GC invocations=25 (full 4):
 PSYoungGen      total 336896K, used 48097K [0x00000000e0000000, 0x00000000fdf80000, 0x0000000100000000)
  eden space 288768K, 0% used [0x00000000e0000000,0x00000000e0000000,0x00000000f1a00000)
  from space 48128K, 99% used [0x00000000f1a00000,0x00000000f48f8708,0x00000000f4900000)
  to   space 67584K, 0% used [0x00000000f9d80000,0x00000000f9d80000,0x00000000fdf80000)
 ParOldGen       total 199168K, used 80312K [0x00000000a0000000, 0x00000000ac280000, 0x00000000e0000000)
  object space 199168K, 40% used [0x00000000a0000000,0x00000000a4e6e020,0x00000000ac280000)
 Metaspace       used 89876K, capacity 93158K, committed 93440K, reserved 1130496K
  class space    used 11569K, capacity 12258K, committed 12288K, reserved 1048576K
}
Event: 129.283 GC heap before
{Heap before GC invocations=26 (full 4):
 PSYoungGen      total 336896K, used 336865K [0x00000000e0000000, 0x00000000fdf80000, 0x0000000100000000)
  eden space 288768K, 100% used [0x00000000e0000000,0x00000000f1a00000,0x00000000f1a00000)
  from space 48128K, 99% used [0x00000000f1a00000,0x00000000f48f8708,0x00000000f4900000)
  to   space 67584K, 0% used [0x00000000f9d80000,0x00000000f9d80000,0x00000000fdf80000)
 ParOldGen       total 199168K, used 80312K [0x00000000a0000000, 0x00000000ac280000, 0x00000000e0000000)
  object space 199168K, 40% used [0x00000000a0000000,0x00000000a4e6e020,0x00000000ac280000)
 Metaspace       used 90630K, capacity 94072K, committed 94336K, reserved 1130496K
  class space    used 11665K, capacity 12369K, committed 12416K, reserved 1048576K
Event: 129.554 GC heap after
Heap after GC invocations=26 (full 4):
 PSYoungGen      total 356352K, used 67564K [0x00000000e0000000, 0x00000000fdf80000, 0x0000000100000000)
  eden space 288768K, 0% used [0x00000000e0000000,0x00000000e0000000,0x00000000f1a00000)
  from space 67584K, 99% used [0x00000000f9d80000,0x00000000fdf7b050,0x00000000fdf80000)
  to   space 48128K, 0% used [0x00000000f1a00000,0x00000000f1a00000,0x00000000f4900000)
 ParOldGen       total 199168K, used 112144K [0x00000000a0000000, 0x00000000ac280000, 0x00000000e0000000)
  object space 199168K, 56% used [0x00000000a0000000,0x00000000a6d84170,0x00000000ac280000)
 Metaspace       used 90630K, capacity 94072K, committed 94336K, reserved 1130496K
  class space    used 11665K, capacity 12369K, committed 12416K, reserved 1048576K
}
Event: 131.822 GC heap before
{Heap before GC invocations=27 (full 4):
 PSYoungGen      total 356352K, used 356332K [0x00000000e0000000, 0x00000000fdf80000, 0x0000000100000000)
  eden space 288768K, 100% used [0x00000000e0000000,0x00000000f1a00000,0x00000000f1a00000)
  from space 67584K, 99% used [0x00000000f9d80000,0x00000000fdf7b050,0x00000000fdf80000)
  to   space 48128K, 0% used [0x00000000f1a00000,0x00000000f1a00000,0x00000000f4900000)
 ParOldGen       total 199168K, used 112144K [0x00000000a0000000, 0x00000000ac280000, 0x00000000e0000000)
  object space 199168K, 56% used [0x00000000a0000000,0x00000000a6d84170,0x00000000ac280000)
 Metaspace       used 90894K, capacity 94384K, committed 94720K, reserved 1132544K
  class space    used 11695K, capacity 12419K, committed 12544K, reserved 1048576K
Event: 131.949 GC heap after
Heap after GC invocations=27 (full 4):
 PSYoungGen      total 336896K, used 48114K [0x00000000e0000000, 0x00000000fdf80000, 0x0000000100000000)
  eden space 288768K, 0% used [0x00000000e0000000,0x00000000e0000000,0x00000000f1a00000)
  from space 48128K, 99% used [0x00000000f1a00000,0x00000000f48fcb28,0x00000000f4900000)
  to   space 67584K, 0% used [0x00000000f9d80000,0x00000000f9d80000,0x00000000fdf80000)
 ParOldGen       total 199168K, used 142618K [0x00000000a0000000, 0x00000000ac280000, 0x00000000e0000000)
  object space 199168K, 71% used [0x00000000a0000000,0x00000000a8b46918,0x00000000ac280000)
 Metaspace       used 90894K, capacity 94384K, committed 94720K, reserved 1132544K
  class space    used 11695K, capacity 12419K, committed 12544K, reserved 1048576K
}

