# JRE version: OpenJDK Runtime Environment (8.0_152-b02) (build 1.8.0_152-release-1024-b02)
# Java VM: OpenJDK 64-Bit Server VM (25.152-b02 mixed mode windows-amd64 compressed oops)
Heap:
 PSYoungGen      total 422400K, used 189196K [0x00000000e0000000, 0x00000000fcd00000, 0x0000000100000000)
  eden space 388096K, 44% used [0x00000000e0000000,0x00000000ea7719e0,0x00000000f7b00000)
  from space 34304K, 51% used [0x00000000fab80000,0x00000000fbcd1998,0x00000000fcd00000)
  to   space 41984K, 0% used [0x00000000f7b00000,0x00000000f7b00000,0x00000000fa400000)
 ParOldGen       total 201728K, used 56969K [0x00000000a0000000, 0x00000000ac500000, 0x00000000e0000000)
  object space 201728K, 28% used [0x00000000a0000000,0x00000000a37a2480,0x00000000ac500000)
 Metaspace       used 90560K, capacity 94386K, committed 94464K, reserved 1130496K
  class space    used 11763K, capacity 12512K, committed 12544K, reserved 1048576K
GC Heap History (10 events):
Event: 118.786 GC heap before
{Heap before GC invocations=22 (full 4):
 PSYoungGen      total 241664K, used 192903K [0x00000000e0000000, 0x00000000f3f00000, 0x0000000100000000)
  eden space 193536K, 99% used [0x00000000e0000000,0x00000000ebc61cb8,0x00000000ebd00000)
  from space 48128K, 0% used [0x00000000ebd00000,0x00000000ebd00000,0x00000000eec00000)
  to   space 48128K, 0% used [0x00000000f1000000,0x00000000f1000000,0x00000000f3f00000)
 ParOldGen       total 201728K, used 48434K [0x00000000a0000000, 0x00000000ac500000, 0x00000000e0000000)
  object space 201728K, 24% used [0x00000000a0000000,0x00000000a2f4c810,0x00000000ac500000)
 Metaspace       used 79253K, capacity 81982K, committed 82304K, reserved 1120256K
  class space    used 10428K, capacity 11032K, committed 11136K, reserved 1048576K
Event: 118.814 GC heap after
Heap after GC invocations=22 (full 4):
 PSYoungGen      total 276480K, used 9913K [0x00000000e0000000, 0x00000000f3d00000, 0x0000000100000000)
  eden space 230400K, 0% used [0x00000000e0000000,0x00000000e0000000,0x00000000ee100000)
  from space 46080K, 21% used [0x00000000f1000000,0x00000000f19ae488,0x00000000f3d00000)
  to   space 47104K, 0% used [0x00000000ee100000,0x00000000ee100000,0x00000000f0f00000)
 ParOldGen       total 201728K, used 48442K [0x00000000a0000000, 0x00000000ac500000, 0x00000000e0000000)
  object space 201728K, 24% used [0x00000000a0000000,0x00000000a2f4e810,0x00000000ac500000)
 Metaspace       used 79253K, capacity 81982K, committed 82304K, reserved 1120256K
  class space    used 10428K, capacity 11032K, committed 11136K, reserved 1048576K
}
Event: 118.946 GC heap before
{Heap before GC invocations=23 (full 4):
 PSYoungGen      total 276480K, used 240271K [0x00000000e0000000, 0x00000000f3d00000, 0x0000000100000000)
  eden space 230400K, 99% used [0x00000000e0000000,0x00000000ee0f5b68,0x00000000ee100000)
  from space 46080K, 21% used [0x00000000f1000000,0x00000000f19ae488,0x00000000f3d00000)
  to   space 47104K, 0% used [0x00000000ee100000,0x00000000ee100000,0x00000000f0f00000)
 ParOldGen       total 201728K, used 48442K [0x00000000a0000000, 0x00000000ac500000, 0x00000000e0000000)
  object space 201728K, 24% used [0x00000000a0000000,0x00000000a2f4e810,0x00000000ac500000)
 Metaspace       used 79260K, capacity 81982K, committed 82304K, reserved 1120256K
  class space    used 10428K, capacity 11032K, committed 11136K, reserved 1048576K
Event: 118.963 GC heap after
Heap after GC invocations=23 (full 4):
 PSYoungGen      total 277504K, used 8070K [0x00000000e0000000, 0x00000000f7c80000, 0x0000000100000000)
  eden space 230400K, 0% used [0x00000000e0000000,0x00000000e0000000,0x00000000ee100000)
  from space 47104K, 17% used [0x00000000ee100000,0x00000000ee8e1ad8,0x00000000f0f00000)
  to   space 45568K, 0% used [0x00000000f5000000,0x00000000f5000000,0x00000000f7c80000)
 ParOldGen       total 201728K, used 48450K [0x00000000a0000000, 0x00000000ac500000, 0x00000000e0000000)
  object space 201728K, 24% used [0x00000000a0000000,0x00000000a2f50810,0x00000000ac500000)
 Metaspace       used 79260K, capacity 81982K, committed 82304K, reserved 1120256K
  class space    used 10428K, capacity 11032K, committed 11136K, reserved 1048576K
}
Event: 119.058 GC heap before
{Heap before GC invocations=24 (full 4):
 PSYoungGen      total 277504K, used 238454K [0x00000000e0000000, 0x00000000f7c80000, 0x0000000100000000)
  eden space 230400K, 99% used [0x00000000e0000000,0x00000000ee0fbfa0,0x00000000ee100000)
  from space 47104K, 17% used [0x00000000ee100000,0x00000000ee8e1ad8,0x00000000f0f00000)
  to   space 45568K, 0% used [0x00000000f5000000,0x00000000f5000000,0x00000000f7c80000)
 ParOldGen       total 201728K, used 48450K [0x00000000a0000000, 0x00000000ac500000, 0x00000000e0000000)
  object space 201728K, 24% used [0x00000000a0000000,0x00000000a2f50810,0x00000000ac500000)
 Metaspace       used 79285K, capacity 81994K, committed 82304K, reserved 1120256K
  class space    used 10431K, capacity 11034K, committed 11136K, reserved 1048576K
Event: 119.078 GC heap after
Heap after GC invocations=24 (full 4):
 PSYoungGen      total 343552K, used 238K [0x00000000e0000000, 0x00000000f8700000, 0x0000000100000000)
  eden space 297984K, 0% used [0x00000000e0000000,0x00000000e0000000,0x00000000f2300000)
  from space 45568K, 0% used [0x00000000f5000000,0x00000000f503bab8,0x00000000f7c80000)
  to   space 46080K, 0% used [0x00000000f2300000,0x00000000f2300000,0x00000000f5000000)
 ParOldGen       total 201728K, used 55238K [0x00000000a0000000, 0x00000000ac500000, 0x00000000e0000000)
  object space 201728K, 27% used [0x00000000a0000000,0x00000000a35f1988,0x00000000ac500000)
 Metaspace       used 79285K, capacity 81994K, committed 82304K, reserved 1120256K
  class space    used 10431K, capacity 11034K, committed 11136K, reserved 1048576K
}
Event: 133.421 GC heap before
{Heap before GC invocations=25 (full 4):
 PSYoungGen      total 343552K, used 298222K [0x00000000e0000000, 0x00000000f8700000, 0x0000000100000000)
  eden space 297984K, 100% used [0x00000000e0000000,0x00000000f2300000,0x00000000f2300000)
  from space 45568K, 0% used [0x00000000f5000000,0x00000000f503bab8,0x00000000f7c80000)
  to   space 46080K, 0% used [0x00000000f2300000,0x00000000f2300000,0x00000000f5000000)
 ParOldGen       total 201728K, used 55238K [0x00000000a0000000, 0x00000000ac500000, 0x00000000e0000000)
  object space 201728K, 27% used [0x00000000a0000000,0x00000000a35f1988,0x00000000ac500000)
 Metaspace       used 80496K, capacity 83426K, committed 83712K, reserved 1122304K
  class space    used 10574K, capacity 11218K, committed 11264K, reserved 1048576K
Event: 133.451 GC heap after
Heap after GC invocations=25 (full 4):
 PSYoungGen      total 344064K, used 9979K [0x00000000e0000000, 0x00000000fd680000, 0x0000000100000000)
  eden space 297984K, 0% used [0x00000000e0000000,0x00000000e0000000,0x00000000f2300000)
  from space 46080K, 21% used [0x00000000f2300000,0x00000000f2cbef28,0x00000000f5000000)
  to   space 44032K, 0% used [0x00000000fab80000,0x00000000fab80000,0x00000000fd680000)
 ParOldGen       total 201728K, used 55278K [0x00000000a0000000, 0x00000000ac500000, 0x00000000e0000000)
  object space 201728K, 27% used [0x00000000a0000000,0x00000000a35fb988,0x00000000ac500000)
 Metaspace       used 80496K, capacity 83426K, committed 83712K, reserved 1122304K
  class space    used 10574K, capacity 11218K, committed 11264K, reserved 1048576K
}
Event: 151.029 GC heap before
{Heap before GC invocations=26 (full 4):
 PSYoungGen      total 344064K, used 307963K [0x00000000e0000000, 0x00000000fd680000, 0x0000000100000000)
  eden space 297984K, 100% used [0x00000000e0000000,0x00000000f2300000,0x00000000f2300000)
  from space 46080K, 21% used [0x00000000f2300000,0x00000000f2cbef28,0x00000000f5000000)
  to   space 44032K, 0% used [0x00000000fab80000,0x00000000fab80000,0x00000000fd680000)
 ParOldGen       total 201728K, used 55278K [0x00000000a0000000, 0x00000000ac500000, 0x00000000e0000000)
  object space 201728K, 27% used [0x00000000a0000000,0x00000000a35fb988,0x00000000ac500000)
 Metaspace       used 88797K, capacity 92384K, committed 92544K, reserved 1130496K
  class space    used 11598K, capacity 12345K, committed 12416K, reserved 1048576K
Event: 151.085 GC heap after
Heap after GC invocations=26 (full 4):
 PSYoungGen      total 422400K, used 17734K [0x00000000e0000000, 0x00000000fcd00000, 0x0000000100000000)
  eden space 388096K, 0% used [0x00000000e0000000,0x00000000e0000000,0x00000000f7b00000)
  from space 34304K, 51% used [0x00000000fab80000,0x00000000fbcd1998,0x00000000fcd00000)
  to   space 41984K, 0% used [0x00000000f7b00000,0x00000000f7b00000,0x00000000fa400000)
 ParOldGen       total 201728K, used 56969K [0x00000000a0000000, 0x00000000ac500000, 0x00000000e0000000)
  object space 201728K, 28% used [0x00000000a0000000,0x00000000a37a2480,0x00000000ac500000)
 Metaspace       used 88797K, capacity 92384K, committed 92544K, reserved 1130496K
  class space    used 11598K, capacity 12345K, committed 12416K, reserved 1048576K
}

