# JRE version: OpenJDK Runtime Environment (8.0_152-b02) (build 1.8.0_152-release-1024-b02)
# Java VM: OpenJDK 64-Bit Server VM (25.152-b02 mixed mode windows-amd64 compressed oops)
Heap:
 PSYoungGen      total 381440K, used 284196K [0x00000000e0000000, 0x00000000fb580000, 0x0000000100000000)
  eden space 328192K, 85% used [0x00000000e0000000,0x00000000f1187da0,0x00000000f4080000)
  from space 53248K, 7% used [0x00000000f8180000,0x00000000f85813c0,0x00000000fb580000)
  to   space 59904K, 0% used [0x00000000f4080000,0x00000000f4080000,0x00000000f7b00000)
 ParOldGen       total 211968K, used 57963K [0x00000000a0000000, 0x00000000acf00000, 0x00000000e0000000)
  object space 211968K, 27% used [0x00000000a0000000,0x00000000a389ae90,0x00000000acf00000)
 Metaspace       used 85641K, capacity 88678K, committed 88832K, reserved 1126400K
  class space    used 11005K, capacity 11676K, committed 11776K, reserved 1048576K
GC Heap History (10 events):
Event: 294.995 GC heap before
{Heap before GC invocations=16 (full 3):
 PSYoungGen      total 280576K, used 280571K [0x00000000e0000000, 0x00000000f4480000, 0x0000000100000000)
  eden space 253952K, 100% used [0x00000000e0000000,0x00000000ef800000,0x00000000ef800000)
  from space 26624K, 99% used [0x00000000f1a00000,0x00000000f33fed20,0x00000000f3400000)
  to   space 34816K, 0% used [0x00000000ef800000,0x00000000ef800000,0x00000000f1a00000)
 ParOldGen       total 148480K, used 58720K [0x00000000a0000000, 0x00000000a9100000, 0x00000000e0000000)
  object space 148480K, 39% used [0x00000000a0000000,0x00000000a3958398,0x00000000a9100000)
 Metaspace       used 81569K, capacity 84258K, committed 84480K, reserved 1122304K
  class space    used 10555K, capacity 11160K, committed 11264K, reserved 1048576K
Event: 295.174 GC heap after
Heap after GC invocations=16 (full 3):
 PSYoungGen      total 288768K, used 34811K [0x00000000e0000000, 0x00000000fbd00000, 0x0000000100000000)
  eden space 253952K, 0% used [0x00000000e0000000,0x00000000e0000000,0x00000000ef800000)
  from space 34816K, 99% used [0x00000000ef800000,0x00000000f19fec68,0x00000000f1a00000)
  to   space 60928K, 0% used [0x00000000f8180000,0x00000000f8180000,0x00000000fbd00000)
 ParOldGen       total 148480K, used 113676K [0x00000000a0000000, 0x00000000a9100000, 0x00000000e0000000)
  object space 148480K, 76% used [0x00000000a0000000,0x00000000a6f03348,0x00000000a9100000)
 Metaspace       used 81569K, capacity 84258K, committed 84480K, reserved 1122304K
  class space    used 10555K, capacity 11160K, committed 11264K, reserved 1048576K
}
Event: 320.986 GC heap before
{Heap before GC invocations=17 (full 3):
 PSYoungGen      total 288768K, used 288763K [0x00000000e0000000, 0x00000000fbd00000, 0x0000000100000000)
  eden space 253952K, 100% used [0x00000000e0000000,0x00000000ef800000,0x00000000ef800000)
  from space 34816K, 99% used [0x00000000ef800000,0x00000000f19fec68,0x00000000f1a00000)
  to   space 60928K, 0% used [0x00000000f8180000,0x00000000f8180000,0x00000000fbd00000)
 ParOldGen       total 148480K, used 113676K [0x00000000a0000000, 0x00000000a9100000, 0x00000000e0000000)
  object space 148480K, 76% used [0x00000000a0000000,0x00000000a6f03348,0x00000000a9100000)
 Metaspace       used 84558K, capacity 87384K, committed 87552K, reserved 1126400K
  class space    used 10851K, capacity 11469K, committed 11520K, reserved 1048576K
Event: 321.147 GC heap after
Heap after GC invocations=17 (full 3):
 PSYoungGen      total 381440K, used 30213K [0x00000000e0000000, 0x00000000fb580000, 0x0000000100000000)
  eden space 328192K, 0% used [0x00000000e0000000,0x00000000e0000000,0x00000000f4080000)
  from space 53248K, 56% used [0x00000000f8180000,0x00000000f9f01568,0x00000000fb580000)
  to   space 59904K, 0% used [0x00000000f4080000,0x00000000f4080000,0x00000000f7b00000)
 ParOldGen       total 148480K, used 148016K [0x00000000a0000000, 0x00000000a9100000, 0x00000000e0000000)
  object space 148480K, 99% used [0x00000000a0000000,0x00000000a908c078,0x00000000a9100000)
 Metaspace       used 84558K, capacity 87384K, committed 87552K, reserved 1126400K
  class space    used 10851K, capacity 11469K, committed 11520K, reserved 1048576K
}
Event: 321.147 GC heap before
{Heap before GC invocations=18 (full 4):
 PSYoungGen      total 381440K, used 30213K [0x00000000e0000000, 0x00000000fb580000, 0x0000000100000000)
  eden space 328192K, 0% used [0x00000000e0000000,0x00000000e0000000,0x00000000f4080000)
  from space 53248K, 56% used [0x00000000f8180000,0x00000000f9f01568,0x00000000fb580000)
  to   space 59904K, 0% used [0x00000000f4080000,0x00000000f4080000,0x00000000f7b00000)
 ParOldGen       total 148480K, used 148016K [0x00000000a0000000, 0x00000000a9100000, 0x00000000e0000000)
  object space 148480K, 99% used [0x00000000a0000000,0x00000000a908c078,0x00000000a9100000)
 Metaspace       used 84558K, capacity 87384K, committed 87552K, reserved 1126400K
  class space    used 10851K, capacity 11469K, committed 11520K, reserved 1048576K
Event: 321.565 GC heap after
Heap after GC invocations=18 (full 4):
 PSYoungGen      total 381440K, used 0K [0x00000000e0000000, 0x00000000fb580000, 0x0000000100000000)
  eden space 328192K, 0% used [0x00000000e0000000,0x00000000e0000000,0x00000000f4080000)
  from space 53248K, 0% used [0x00000000f8180000,0x00000000f8180000,0x00000000fb580000)
  to   space 59904K, 0% used [0x00000000f4080000,0x00000000f4080000,0x00000000f7b00000)
 ParOldGen       total 211968K, used 57283K [0x00000000a0000000, 0x00000000acf00000, 0x00000000e0000000)
  object space 211968K, 27% used [0x00000000a0000000,0x00000000a37f0fa8,0x00000000acf00000)
 Metaspace       used 84558K, capacity 87384K, committed 87552K, reserved 1126400K
  class space    used 10851K, capacity 11469K, committed 11520K, reserved 1048576K
}
Event: 321.931 GC heap before
{Heap before GC invocations=19 (full 4):
 PSYoungGen      total 381440K, used 327603K [0x00000000e0000000, 0x00000000fb580000, 0x0000000100000000)
  eden space 328192K, 99% used [0x00000000e0000000,0x00000000f3fece58,0x00000000f4080000)
  from space 53248K, 0% used [0x00000000f8180000,0x00000000f8180000,0x00000000fb580000)
  to   space 59904K, 0% used [0x00000000f4080000,0x00000000f4080000,0x00000000f7b00000)
 ParOldGen       total 211968K, used 57283K [0x00000000a0000000, 0x00000000acf00000, 0x00000000e0000000)
  object space 211968K, 27% used [0x00000000a0000000,0x00000000a37f0fa8,0x00000000acf00000)
 Metaspace       used 84816K, capacity 87670K, committed 87808K, reserved 1126400K
  class space    used 10892K, capacity 11514K, committed 11520K, reserved 1048576K
Event: 321.937 GC heap after
Heap after GC invocations=19 (full 4):
 PSYoungGen      total 388096K, used 1832K [0x00000000e0000000, 0x00000000fb580000, 0x0000000100000000)
  eden space 328192K, 0% used [0x00000000e0000000,0x00000000e0000000,0x00000000f4080000)
  from space 59904K, 3% used [0x00000000f4080000,0x00000000f424a2a0,0x00000000f7b00000)
  to   space 53248K, 0% used [0x00000000f8180000,0x00000000f8180000,0x00000000fb580000)
 ParOldGen       total 211968K, used 57291K [0x00000000a0000000, 0x00000000acf00000, 0x00000000e0000000)
  object space 211968K, 27% used [0x00000000a0000000,0x00000000a37f2fa8,0x00000000acf00000)
 Metaspace       used 84816K, capacity 87670K, committed 87808K, reserved 1126400K
  class space    used 10892K, capacity 11514K, committed 11520K, reserved 1048576K
}
Event: 336.019 GC heap before
{Heap before GC invocations=20 (full 4):
 PSYoungGen      total 388096K, used 330024K [0x00000000e0000000, 0x00000000fb580000, 0x0000000100000000)
  eden space 328192K, 100% used [0x00000000e0000000,0x00000000f4080000,0x00000000f4080000)
  from space 59904K, 3% used [0x00000000f4080000,0x00000000f424a2a0,0x00000000f7b00000)
  to   space 53248K, 0% used [0x00000000f8180000,0x00000000f8180000,0x00000000fb580000)
 ParOldGen       total 211968K, used 57291K [0x00000000a0000000, 0x00000000acf00000, 0x00000000e0000000)
  object space 211968K, 27% used [0x00000000a0000000,0x00000000a37f2fa8,0x00000000acf00000)
 Metaspace       used 85327K, capacity 88288K, committed 88448K, reserved 1126400K
  class space    used 10967K, capacity 11613K, committed 11648K, reserved 1048576K
Event: 336.033 GC heap after
Heap after GC invocations=20 (full 4):
 PSYoungGen      total 381440K, used 4100K [0x00000000e0000000, 0x00000000fb580000, 0x0000000100000000)
  eden space 328192K, 0% used [0x00000000e0000000,0x00000000e0000000,0x00000000f4080000)
  from space 53248K, 7% used [0x00000000f8180000,0x00000000f85813c0,0x00000000fb580000)
  to   space 59904K, 0% used [0x00000000f4080000,0x00000000f4080000,0x00000000f7b00000)
 ParOldGen       total 211968K, used 57963K [0x00000000a0000000, 0x00000000acf00000, 0x00000000e0000000)
  object space 211968K, 27% used [0x00000000a0000000,0x00000000a389ae90,0x00000000acf00000)
 Metaspace       used 85327K, capacity 88288K, committed 88448K, reserved 1126400K
  class space    used 10967K, capacity 11613K, committed 11648K, reserved 1048576K
}

